<?xml version="1.0" encoding="UTF-8"?>
<testng-results ignored="0" total="13" passed="13" failed="0" skipped="0">
  <reporter-output>
  </reporter-output>
  <suite started-at="2021-02-13T12:26:46 IST" name="Default suite" finished-at="2021-02-13T12:26:46 IST" duration-ms="96">
    <groups>
    </groups>
    <test started-at="2021-02-13T12:26:46 IST" name="Default test" finished-at="2021-02-13T12:26:46 IST" duration-ms="96">
      <class name="TestNGPractiseSessions.TestngFeatures">
        <test-method signature="logintest()[pri:0, instance:TestNGPractiseSessions.TestngFeatures@434a63ab]" started-at="2021-02-13T12:26:46 IST" name="logintest" finished-at="2021-02-13T12:26:46 IST" duration-ms="8" status="PASS">
          <reporter-output>
          </reporter-output>
        </test-method> <!-- logintest -->
        <test-method signature="logintest()[pri:0, instance:TestNGPractiseSessions.TestngFeatures@434a63ab]" started-at="2021-02-13T12:26:46 IST" name="logintest" finished-at="2021-02-13T12:26:46 IST" duration-ms="1" status="PASS">
          <reporter-output>
          </reporter-output>
        </test-method> <!-- logintest -->
        <test-method signature="logintest()[pri:0, instance:TestNGPractiseSessions.TestngFeatures@434a63ab]" started-at="2021-02-13T12:26:46 IST" name="logintest" finished-at="2021-02-13T12:26:46 IST" duration-ms="2" status="PASS">
          <reporter-output>
          </reporter-output>
        </test-method> <!-- logintest -->
        <test-method signature="logintest()[pri:0, instance:TestNGPractiseSessions.TestngFeatures@434a63ab]" started-at="2021-02-13T12:26:46 IST" name="logintest" finished-at="2021-02-13T12:26:46 IST" duration-ms="2" status="PASS">
          <reporter-output>
          </reporter-output>
        </test-method> <!-- logintest -->
        <test-method signature="logintest()[pri:0, instance:TestNGPractiseSessions.TestngFeatures@434a63ab]" started-at="2021-02-13T12:26:46 IST" name="logintest" finished-at="2021-02-13T12:26:46 IST" duration-ms="2" status="PASS">
          <reporter-output>
          </reporter-output>
        </test-method> <!-- logintest -->
        <test-method signature="logintest()[pri:0, instance:TestNGPractiseSessions.TestngFeatures@434a63ab]" started-at="2021-02-13T12:26:46 IST" name="logintest" finished-at="2021-02-13T12:26:46 IST" duration-ms="2" status="PASS">
          <reporter-output>
          </reporter-output>
        </test-method> <!-- logintest -->
        <test-method signature="logintest()[pri:0, instance:TestNGPractiseSessions.TestngFeatures@434a63ab]" started-at="2021-02-13T12:26:46 IST" name="logintest" finished-at="2021-02-13T12:26:46 IST" duration-ms="3" status="PASS">
          <reporter-output>
          </reporter-output>
        </test-method> <!-- logintest -->
        <test-method signature="logintest()[pri:0, instance:TestNGPractiseSessions.TestngFeatures@434a63ab]" started-at="2021-02-13T12:26:46 IST" name="logintest" finished-at="2021-02-13T12:26:46 IST" duration-ms="1" status="PASS">
          <reporter-output>
          </reporter-output>
        </test-method> <!-- logintest -->
        <test-method signature="logintest()[pri:0, instance:TestNGPractiseSessions.TestngFeatures@434a63ab]" started-at="2021-02-13T12:26:46 IST" name="logintest" finished-at="2021-02-13T12:26:46 IST" duration-ms="2" status="PASS">
          <reporter-output>
          </reporter-output>
        </test-method> <!-- logintest -->
        <test-method signature="logintest()[pri:0, instance:TestNGPractiseSessions.TestngFeatures@434a63ab]" started-at="2021-02-13T12:26:46 IST" name="logintest" finished-at="2021-02-13T12:26:46 IST" duration-ms="2" status="PASS">
          <reporter-output>
          </reporter-output>
        </test-method> <!-- logintest -->
        <test-method signature="Homepage()[pri:0, instance:TestNGPractiseSessions.TestngFeatures@434a63ab]" started-at="2021-02-13T12:26:46 IST" name="Homepage" finished-at="2021-02-13T12:26:46 IST" depends-on-methods="TestNGPractiseSessions.TestngFeatures.logintest" duration-ms="1" status="PASS">
          <reporter-output>
          </reporter-output>
        </test-method> <!-- Homepage -->
        <test-method signature="SearchPage()[pri:0, instance:TestNGPractiseSessions.TestngFeatures@434a63ab]" started-at="2021-02-13T12:26:46 IST" name="SearchPage" finished-at="2021-02-13T12:26:46 IST" depends-on-methods="TestNGPractiseSessions.TestngFeatures.logintest" duration-ms="2" status="PASS">
          <reporter-output>
          </reporter-output>
        </test-method> <!-- SearchPage -->
        <test-method signature="registration()[pri:0, instance:TestNGPractiseSessions.TestngFeatures@434a63ab]" started-at="2021-02-13T12:26:46 IST" name="registration" finished-at="2021-02-13T12:26:46 IST" depends-on-methods="TestNGPractiseSessions.TestngFeatures.logintest" duration-ms="1" status="PASS">
          <reporter-output>
          </reporter-output>
        </test-method> <!-- registration -->
      </class> <!-- TestNGPractiseSessions.TestngFeatures -->
    </test> <!-- Default test -->
  </suite> <!-- Default suite -->
</testng-results>
