<?xml version="1.0" encoding="UTF-8"?>
<!-- Generated by org.testng.reporters.JUnitXMLReporter -->
<testsuite ignored="0" hostname="DESKTOP-B96ST24" failures="0" tests="13" name="Default test" time="0.096" errors="0" timestamp="2021-02-13T12:26:46 IST">
  <testcase classname="TestNGPractiseSessions.TestngFeatures" name="logintest" time="0.008"/>
  <testcase classname="TestNGPractiseSessions.TestngFeatures" name="logintest" time="0.001"/>
  <testcase classname="TestNGPractiseSessions.TestngFeatures" name="logintest" time="0.002"/>
  <testcase classname="TestNGPractiseSessions.TestngFeatures" name="logintest" time="0.002"/>
  <testcase classname="TestNGPractiseSessions.TestngFeatures" name="logintest" time="0.002"/>
  <testcase classname="TestNGPractiseSessions.TestngFeatures" name="logintest" time="0.002"/>
  <testcase classname="TestNGPractiseSessions.TestngFeatures" name="logintest" time="0.003"/>
  <testcase classname="TestNGPractiseSessions.TestngFeatures" name="logintest" time="0.001"/>
  <testcase classname="TestNGPractiseSessions.TestngFeatures" name="logintest" time="0.002"/>
  <testcase classname="TestNGPractiseSessions.TestngFeatures" name="logintest" time="0.002"/>
  <testcase classname="TestNGPractiseSessions.TestngFeatures" name="Homepage" time="0.001"/>
  <testcase classname="TestNGPractiseSessions.TestngFeatures" name="SearchPage" time="0.002"/>
  <testcase classname="TestNGPractiseSessions.TestngFeatures" name="registration" time="0.001"/>
</testsuite> <!-- Default test -->
